<!DOCTYPE html PUBLIC "-//W3C//DTD XHTML 1.1//EN" "https://www.w3.org/TR/xhtml11/DTD/xhtml11.dtd">
<html xmlns="https://www.w3.org/1999/xhtml">
<head>
<meta http-equiv="content-type" content="text/html; charset=UTF-8"/>
<title>TestNG Report</title>
<style type="text/css">table {margin-bottom:10px;border-collapse:collapse;empty-cells:show}th,td {border:1px solid #009;padding:.25em .5em}th {vertical-align:bottom}td {vertical-align:top}table a {font-weight:bold}.stripe td {background-color: #E6EBF9}.num {text-align:right}.passedodd td {background-color: #3F3}.passedeven td {background-color: #0A0}.skippedodd td {background-color: #DDD}.skippedeven td {background-color: #CCC}.failedodd td,.attn {background-color: #F33}.failedeven td,.stripe .attn {background-color: #D00}.stacktrace {white-space:pre;font-family:monospace}.totop {font-size:85%;text-align:center;border-bottom:2px solid #000}.invisible {display:none}</style>
</head>
<body>
<table>
<tr><th>Test</th><th># Passed</th><th># Skipped</th><th># Retried</th><th># Failed</th><th>Time (ms)</th><th>Included Groups</th><th>Excluded Groups</th></tr>
<tr><th colspan="8">Suite</th></tr>
<tr><td><a href="#t0">Signup</a></td><td class="num">1</td><td class="num">0</td><td class="num">0</td><td class="num">0</td><td class="num">191,481</td><td></td><td></td></tr>
<tr class="stripe"><td><a href="#t1">Login with Valid</a></td><td class="num">0</td><td class="num">0</td><td class="num">0</td><td class="num attn">1</td><td class="num">144,455</td><td></td><td></td></tr>
<tr><td><a href="#t2">Login With Invalid Credential</a></td><td class="num">1</td><td class="num">0</td><td class="num">0</td><td class="num">0</td><td class="num">126,981</td><td></td><td></td></tr>
<tr class="stripe"><td><a href="#t3">One Way Trip</a></td><td class="num">1</td><td class="num">0</td><td class="num">0</td><td class="num">0</td><td class="num">72,075</td><td></td><td></td></tr>
<tr><td><a href="#t4">Round Trip</a></td><td class="num">1</td><td class="num">0</td><td class="num">0</td><td class="num">0</td><td class="num">84,779</td><td></td><td></td></tr>
<tr class="stripe"><td><a href="#t5">Select Flight And Passenger Info OneWay Trip</a></td><td class="num">0</td><td class="num">0</td><td class="num">0</td><td class="num attn">1</td><td class="num">88,848</td><td></td><td></td></tr>
<tr><td><a href="#t6">Select Flight And Passenger Info Round Trip</a></td><td class="num">1</td><td class="num">0</td><td class="num">0</td><td class="num">0</td><td class="num">128,225</td><td></td><td></td></tr>
<tr class="stripe"><td><a href="#t7">Validate Booking Page Fields</a></td><td class="num">1</td><td class="num">0</td><td class="num">0</td><td class="num">0</td><td class="num">104,670</td><td></td><td></td></tr>
<tr><th>Total</th><th class="num">6</th><th class="num">0</th><th class="num">0</th><th class="num attn">2</th><th class="num">941,514</th><th colspan="2"></th></tr>
</table>
<table id='summary'><thead><tr><th>Class</th><th>Method</th><th>Start</th><th>Time (ms)</th></tr></thead><tbody><tr><th colspan="4">Suite</th></tr></tbody><tbody id="t0"><tr><th colspan="4">Signup &#8212; passed</th></tr><tr class="passedeven"><td rowspan="1">SpiceJetTest.SignupPageTest</td><td><a href="#m0">SignupTest</a></td><td rowspan="1">1719843061635</td><td rowspan="1">76548</td></tr></tbody>
<tbody id="t1"><tr><th colspan="4">Login with Valid &#8212; failed</th></tr><tr class="failedeven"><td rowspan="1">SpiceJetTest.LoginPageTest</td><td><a href="#m1">LoginTest</a></td><td rowspan="1">1719843249803</td><td rowspan="1">21618</td></tr></tbody>
<tbody id="t2"><tr><th colspan="4">Login With Invalid Credential &#8212; passed</th></tr><tr class="passedeven"><td rowspan="1">SpiceJetTest.LoginWithInvalidCredentialTest</td><td><a href="#m2">LoginWithInvalidCredentialTst</a></td><td rowspan="1">1719843405961</td><td rowspan="1">13264</td></tr></tbody>
<tbody id="t3"><tr><th colspan="4">One Way Trip &#8212; passed</th></tr><tr class="passedeven"><td rowspan="1">SpiceJetTest.OneWayTripTest</td><td><a href="#m3">OneWayTest</a></td><td rowspan="1">1719843466732</td><td rowspan="1">25378</td></tr></tbody>
<tbody id="t4"><tr><th colspan="4">Round Trip &#8212; passed</th></tr><tr class="passedeven"><td rowspan="1">SpiceJetTest.RoundTripTest</td><td><a href="#m4">RoundTripTest1</a></td><td rowspan="1">1719843550505</td><td rowspan="1">25877</td></tr></tbody>
<tbody id="t5"><tr><th colspan="4">Select Flight And Passenger Info OneWay Trip &#8212; failed</th></tr><tr class="failedeven"><td rowspan="1">SpiceJetTest.SelectFlightAndPassengerInfoOneWayTripTest</td><td><a href="#m5">SelectFlightAndPassengerInfoOneWayTripTt</a></td><td rowspan="1">1719843623573</td><td rowspan="1">36710</td></tr></tbody>
<tbody id="t6"><tr><th colspan="4">Select Flight And Passenger Info Round Trip &#8212; passed</th></tr><tr class="passedeven"><td rowspan="1">SpiceJetTest.SelectFlightAndPassengerInfoRoundTripTest</td><td><a href="#m6">SelectFlightAndPassengerInfoRoundTripTst</a></td><td rowspan="1">1719843717141</td><td rowspan="1">76182</td></tr></tbody>
<tbody id="t7"><tr><th colspan="4">Validate Booking Page Fields &#8212; passed</th></tr><tr class="passedeven"><td rowspan="1">SpiceJetTest.ValidateBookingPageFieldsTest</td><td><a href="#m7">ValidateBookingPageFieldsTst</a></td><td rowspan="1">1719843877485</td><td rowspan="1">11606</td></tr></tbody>
</table>
<h2>Signup</h2><h3 id="m0">SpiceJetTest.SignupPageTest#SignupTest</h3><table class="result"><tr><th class="invisible"/></tr></table><p class="totop"><a href="#summary">back to summary</a></p>
<h2>Login with Valid</h2><h3 id="m1">SpiceJetTest.LoginPageTest#LoginTest</h3><table class="result"><tr><th>Exception</th></tr><tr><td><div class="stacktrace">org.openqa.selenium.NoSuchElementException: no such element: Unable to locate element: {&quot;method&quot;:&quot;xpath&quot;,&quot;selector&quot;:&quot;//div[contains(text(),&apos;Login&apos;)]&quot;}
  (Session info: MicrosoftEdge=126.0.2592.81)
For documentation on this error, please visit: https://www.selenium.dev/documentation/webdriver/troubleshooting/errors#no-such-element-exception
Build info: version: &apos;4.18.1&apos;, revision: &apos;b1d3319b48&apos;
System info: os.name: &apos;Windows 10&apos;, os.arch: &apos;amd64&apos;, os.version: &apos;10.0&apos;, java.version: &apos;21.0.2&apos;
Driver info: org.openqa.selenium.edge.EdgeDriver
Command: [f785326b658245679d63b33f627332b8, findElement {value=//div[contains(text(),&apos;Login&apos;)], using=xpath}]
Capabilities {acceptInsecureCerts: false, browserName: MicrosoftEdge, browserVersion: 126.0.2592.81, fedcm:accounts: true, ms:edgeOptions: {debuggerAddress: localhost:52695}, msedge: {msedgedriverVersion: 126.0.2592.81 (38151611195b..., userDataDir: C:\Users\ELCOT\AppData\Loca...}, networkConnectionEnabled: false, pageLoadStrategy: normal, platformName: windows, proxy: Proxy(), se:cdp: ws://localhost:52695/devtoo..., se:cdpVersion: 126.0.2592.81, setWindowRect: true, strictFileInteractability: false, timeouts: {implicit: 0, pageLoad: 300000, script: 30000}, unhandledPromptBehavior: dismiss and notify, webauthn:extension:credBlob: true, webauthn:extension:largeBlob: true, webauthn:extension:minPinLength: true, webauthn:extension:prf: true, webauthn:virtualAuthenticators: true}
Session ID: f785326b658245679d63b33f627332b8
	at org.openqa.selenium.remote.ErrorCodec.decode(ErrorCodec.java:167)
	at org.openqa.selenium.remote.codec.w3c.W3CHttpResponseCodec.decode(W3CHttpResponseCodec.java:138)
	at org.openqa.selenium.remote.codec.w3c.W3CHttpResponseCodec.decode(W3CHttpResponseCodec.java:50)
	at org.openqa.selenium.remote.HttpCommandExecutor.execute(HttpCommandExecutor.java:190)
	at org.openqa.selenium.remote.service.DriverCommandExecutor.invokeExecute(DriverCommandExecutor.java:216)
	at org.openqa.selenium.remote.service.DriverCommandExecutor.execute(DriverCommandExecutor.java:174)
	at org.openqa.selenium.remote.RemoteWebDriver.execute(RemoteWebDriver.java:519)
	at org.openqa.selenium.remote.ElementLocation$ElementFinder$2.findElement(ElementLocation.java:165)
	at org.openqa.selenium.remote.ElementLocation.findElement(ElementLocation.java:59)
	at org.openqa.selenium.remote.RemoteWebDriver.findElement(RemoteWebDriver.java:356)
	at org.openqa.selenium.remote.RemoteWebDriver.findElement(RemoteWebDriver.java:350)
	at org.openqa.selenium.support.pagefactory.DefaultElementLocator.findElement(DefaultElementLocator.java:68)
	at org.openqa.selenium.support.pagefactory.internal.LocatingElementHandler.invoke(LocatingElementHandler.java:38)
	at jdk.proxy2/jdk.proxy2.$Proxy20.click(Unknown Source)
	at SpiceJet.LoginPage.Login(LoginPage.java:32)
	at SpiceJetTest.LoginPageTest.LoginTest(LoginPageTest.java:17)
	at java.base/java.util.ArrayList.forEach(ArrayList.java:1596)
... Removed 28 stack frames</div></td></tr></table><p class="totop"><a href="#summary">back to summary</a></p>
<h2>Login With Invalid Credential</h2><h3 id="m2">SpiceJetTest.LoginWithInvalidCredentialTest#LoginWithInvalidCredentialTst</h3><table class="result"><tr><th class="invisible"/></tr></table><p class="totop"><a href="#summary">back to summary</a></p>
<h2>One Way Trip</h2><h3 id="m3">SpiceJetTest.OneWayTripTest#OneWayTest</h3><table class="result"><tr><th class="invisible"/></tr></table><p class="totop"><a href="#summary">back to summary</a></p>
<h2>Round Trip</h2><h3 id="m4">SpiceJetTest.RoundTripTest#RoundTripTest1</h3><table class="result"><tr><th class="invisible"/></tr></table><p class="totop"><a href="#summary">back to summary</a></p>
<h2>Select Flight And Passenger Info OneWay Trip</h2><h3 id="m5">SpiceJetTest.SelectFlightAndPassengerInfoOneWayTripTest#SelectFlightAndPassengerInfoOneWayTripTt</h3><table class="result"><tr><th>Exception</th></tr><tr><td><div class="stacktrace">org.openqa.selenium.NoSuchElementException: no such element: Unable to locate element: {&quot;method&quot;:&quot;xpath&quot;,&quot;selector&quot;:&quot;(//*[name()=&apos;rect&apos;])[2]&quot;}
  (Session info: chrome=124.0.6367.210)
For documentation on this error, please visit: https://www.selenium.dev/documentation/webdriver/troubleshooting/errors#no-such-element-exception
Build info: version: &apos;4.18.1&apos;, revision: &apos;b1d3319b48&apos;
System info: os.name: &apos;Windows 10&apos;, os.arch: &apos;amd64&apos;, os.version: &apos;10.0&apos;, java.version: &apos;21.0.2&apos;
Driver info: org.openqa.selenium.chrome.ChromeDriver
Command: [a1c82609543d64fa45ca83139d51254a, findElement {value=(//*[name()=&apos;rect&apos;])[2], using=xpath}]
Capabilities {acceptInsecureCerts: false, browserName: chrome, browserVersion: 124.0.6367.210, chrome: {chromedriverVersion: 124.0.6367.207 (a9001a6e39f..., userDataDir: C:\Users\ELCOT\AppData\Loca...}, fedcm:accounts: true, goog:chromeOptions: {debuggerAddress: localhost:53250}, networkConnectionEnabled: false, pageLoadStrategy: normal, platformName: windows, proxy: Proxy(), se:cdp: ws://localhost:53250/devtoo..., se:cdpVersion: 124.0.6367.210, setWindowRect: true, strictFileInteractability: false, timeouts: {implicit: 0, pageLoad: 300000, script: 30000}, unhandledPromptBehavior: dismiss and notify, webauthn:extension:credBlob: true, webauthn:extension:largeBlob: true, webauthn:extension:minPinLength: true, webauthn:extension:prf: true, webauthn:virtualAuthenticators: true}
Session ID: a1c82609543d64fa45ca83139d51254a
	at org.openqa.selenium.remote.ErrorCodec.decode(ErrorCodec.java:167)
	at org.openqa.selenium.remote.codec.w3c.W3CHttpResponseCodec.decode(W3CHttpResponseCodec.java:138)
	at org.openqa.selenium.remote.codec.w3c.W3CHttpResponseCodec.decode(W3CHttpResponseCodec.java:50)
	at org.openqa.selenium.remote.HttpCommandExecutor.execute(HttpCommandExecutor.java:190)
	at org.openqa.selenium.remote.service.DriverCommandExecutor.invokeExecute(DriverCommandExecutor.java:216)
	at org.openqa.selenium.remote.service.DriverCommandExecutor.execute(DriverCommandExecutor.java:174)
	at org.openqa.selenium.remote.RemoteWebDriver.execute(RemoteWebDriver.java:519)
	at org.openqa.selenium.remote.ElementLocation$ElementFinder$2.findElement(ElementLocation.java:165)
	at org.openqa.selenium.remote.ElementLocation.findElement(ElementLocation.java:59)
	at org.openqa.selenium.remote.RemoteWebDriver.findElement(RemoteWebDriver.java:356)
	at org.openqa.selenium.remote.RemoteWebDriver.findElement(RemoteWebDriver.java:350)
	at org.openqa.selenium.support.pagefactory.DefaultElementLocator.findElement(DefaultElementLocator.java:68)
	at org.openqa.selenium.support.pagefactory.internal.LocatingElementHandler.invoke(LocatingElementHandler.java:38)
	at jdk.proxy2/jdk.proxy2.$Proxy20.click(Unknown Source)
	at SpiceJet.SelectFlightAndPassengerInfoOneWayTrip.SearchFlight(SelectFlightAndPassengerInfoOneWayTrip.java:123)
	at SpiceJetTest.SelectFlightAndPassengerInfoOneWayTripTest.SelectFlightAndPassengerInfoOneWayTripTt(SelectFlightAndPassengerInfoOneWayTripTest.java:27)
	at java.base/java.util.ArrayList.forEach(ArrayList.java:1596)
... Removed 28 stack frames</div></td></tr></table><p class="totop"><a href="#summary">back to summary</a></p>
<h2>Select Flight And Passenger Info Round Trip</h2><h3 id="m6">SpiceJetTest.SelectFlightAndPassengerInfoRoundTripTest#SelectFlightAndPassengerInfoRoundTripTst</h3><table class="result"><tr><th class="invisible"/></tr></table><p class="totop"><a href="#summary">back to summary</a></p>
<h2>Validate Booking Page Fields</h2><h3 id="m7">SpiceJetTest.ValidateBookingPageFieldsTest#ValidateBookingPageFieldsTst</h3><table class="result"><tr><th class="invisible"/></tr></table><p class="totop"><a href="#summary">back to summary</a></p>
</body>
</html>
