<?xml version="1.0" encoding="UTF-8"?>
<testng-results ignored="0" total="8" passed="6" failed="2" skipped="0">
  <reporter-output>
  </reporter-output>
  <suite started-at="2024-07-01T19:39:16 IST" name="Suite" finished-at="2024-07-01T19:55:02 IST" duration-ms="945491">
    <groups>
    </groups>
    <test started-at="2024-07-01T19:39:16 IST" name="Signup" finished-at="2024-07-01T19:42:28 IST" duration-ms="191481">
      <class name="SpiceJetTest.SignupPageTest">
        <test-method is-config="true" signature="createTest(org.testng.ITestContext)[pri:0, instance:SpiceJetTest.SignupPageTest@4efbca5a]" started-at="2024-07-01T19:39:16 IST" name="createTest" finished-at="2024-07-01T19:39:16 IST" duration-ms="37" status="PASS">
          <params>
            <param index="0">
              <value>
                <![CDATA[org.testng.TestRunner@7a682d35]]>
              </value>
            </param>
          </params>
          <reporter-output>
          </reporter-output>
        </test-method> <!-- createTest -->
        <test-method is-config="true" signature="LanchBrowser(java.lang.String)[pri:0, instance:SpiceJetTest.SignupPageTest@4efbca5a]" started-at="2024-07-01T19:39:16 IST" name="LanchBrowser" finished-at="2024-07-01T19:41:01 IST" duration-ms="104783" status="PASS">
          <params>
            <param index="0">
              <value>
                <![CDATA[chrome]]>
              </value>
            </param>
          </params>
          <reporter-output>
          </reporter-output>
        </test-method> <!-- LanchBrowser -->
        <test-method signature="SignupTest()[pri:0, instance:SpiceJetTest.SignupPageTest@4efbca5a]" started-at="2024-07-01T19:41:01 IST" name="SignupTest" finished-at="2024-07-01T19:42:18 IST" duration-ms="76548" status="PASS">
          <reporter-output>
          </reporter-output>
        </test-method> <!-- SignupTest -->
        <test-method is-config="true" signature="checkStatus(java.lang.reflect.Method,org.testng.ITestResult)[pri:0, instance:SpiceJetTest.SignupPageTest@4efbca5a]" started-at="2024-07-01T19:42:18 IST" name="checkStatus" finished-at="2024-07-01T19:42:18 IST" duration-ms="29" status="PASS">
          <params>
            <param index="0">
              <value>
                <![CDATA[public void SpiceJetTest.SignupPageTest.SignupTest() throws java.lang.Exception]]>
              </value>
            </param>
            <param index="1">
              <value>
                <![CDATA[[TestResult name=SignupTest status=SUCCESS method=SignupPageTest.SignupTest()[pri:0, instance:SpiceJetTest.SignupPageTest@4efbca5a] output={null}]]]>
              </value>
            </param>
          </params>
          <reporter-output>
          </reporter-output>
        </test-method> <!-- checkStatus -->
        <test-method is-config="true" signature="CloseBrowser()[pri:0, instance:SpiceJetTest.SignupPageTest@4efbca5a]" started-at="2024-07-01T19:42:18 IST" name="CloseBrowser" finished-at="2024-07-01T19:42:28 IST" duration-ms="9617" status="PASS">
          <reporter-output>
          </reporter-output>
        </test-method> <!-- CloseBrowser -->
      </class> <!-- SpiceJetTest.SignupPageTest -->
    </test> <!-- Signup -->
    <test started-at="2024-07-01T19:42:30 IST" name="Login with Valid" finished-at="2024-07-01T19:44:54 IST" duration-ms="144455">
      <class name="SpiceJetTest.LoginPageTest">
        <test-method is-config="true" signature="createTest(org.testng.ITestContext)[pri:0, instance:SpiceJetTest.LoginPageTest@71d44a3]" started-at="2024-07-01T19:42:30 IST" name="createTest" finished-at="2024-07-01T19:42:30 IST" duration-ms="1" status="PASS">
          <params>
            <param index="0">
              <value>
                <![CDATA[org.testng.TestRunner@64b70f41]]>
              </value>
            </param>
          </params>
          <reporter-output>
          </reporter-output>
        </test-method> <!-- createTest -->
        <test-method is-config="true" signature="LanchBrowser(java.lang.String)[pri:0, instance:SpiceJetTest.LoginPageTest@71d44a3]" started-at="2024-07-01T19:42:30 IST" name="LanchBrowser" finished-at="2024-07-01T19:44:09 IST" duration-ms="99323" status="PASS">
          <params>
            <param index="0">
              <value>
                <![CDATA[Edge]]>
              </value>
            </param>
          </params>
          <reporter-output>
          </reporter-output>
        </test-method> <!-- LanchBrowser -->
        <test-method signature="LoginTest()[pri:0, instance:SpiceJetTest.LoginPageTest@71d44a3]" started-at="2024-07-01T19:44:09 IST" name="LoginTest" finished-at="2024-07-01T19:44:31 IST" duration-ms="21618" status="FAIL">
          <exception class="org.openqa.selenium.NoSuchElementException">
            <message>
              <![CDATA[no such element: Unable to locate element: {"method":"xpath","selector":"//div[contains(text(),'Login')]"}
  (Session info: MicrosoftEdge=126.0.2592.81)
For documentation on this error, please visit: https://www.selenium.dev/documentation/webdriver/troubleshooting/errors#no-such-element-exception
Build info: version: '4.18.1', revision: 'b1d3319b48'
System info: os.name: 'Windows 10', os.arch: 'amd64', os.version: '10.0', java.version: '21.0.2'
Driver info: org.openqa.selenium.edge.EdgeDriver
Command: [f785326b658245679d63b33f627332b8, findElement {value=//div[contains(text(),'Login')], using=xpath}]
Capabilities {acceptInsecureCerts: false, browserName: MicrosoftEdge, browserVersion: 126.0.2592.81, fedcm:accounts: true, ms:edgeOptions: {debuggerAddress: localhost:52695}, msedge: {msedgedriverVersion: 126.0.2592.81 (38151611195b..., userDataDir: C:\Users\ELCOT\AppData\Loca...}, networkConnectionEnabled: false, pageLoadStrategy: normal, platformName: windows, proxy: Proxy(), se:cdp: ws://localhost:52695/devtoo..., se:cdpVersion: 126.0.2592.81, setWindowRect: true, strictFileInteractability: false, timeouts: {implicit: 0, pageLoad: 300000, script: 30000}, unhandledPromptBehavior: dismiss and notify, webauthn:extension:credBlob: true, webauthn:extension:largeBlob: true, webauthn:extension:minPinLength: true, webauthn:extension:prf: true, webauthn:virtualAuthenticators: true}
Session ID: f785326b658245679d63b33f627332b8]]>
            </message>
            <full-stacktrace>
              <![CDATA[org.openqa.selenium.NoSuchElementException: no such element: Unable to locate element: {"method":"xpath","selector":"//div[contains(text(),'Login')]"}
  (Session info: MicrosoftEdge=126.0.2592.81)
For documentation on this error, please visit: https://www.selenium.dev/documentation/webdriver/troubleshooting/errors#no-such-element-exception
Build info: version: '4.18.1', revision: 'b1d3319b48'
System info: os.name: 'Windows 10', os.arch: 'amd64', os.version: '10.0', java.version: '21.0.2'
Driver info: org.openqa.selenium.edge.EdgeDriver
Command: [f785326b658245679d63b33f627332b8, findElement {value=//div[contains(text(),'Login')], using=xpath}]
Capabilities {acceptInsecureCerts: false, browserName: MicrosoftEdge, browserVersion: 126.0.2592.81, fedcm:accounts: true, ms:edgeOptions: {debuggerAddress: localhost:52695}, msedge: {msedgedriverVersion: 126.0.2592.81 (38151611195b..., userDataDir: C:\Users\ELCOT\AppData\Loca...}, networkConnectionEnabled: false, pageLoadStrategy: normal, platformName: windows, proxy: Proxy(), se:cdp: ws://localhost:52695/devtoo..., se:cdpVersion: 126.0.2592.81, setWindowRect: true, strictFileInteractability: false, timeouts: {implicit: 0, pageLoad: 300000, script: 30000}, unhandledPromptBehavior: dismiss and notify, webauthn:extension:credBlob: true, webauthn:extension:largeBlob: true, webauthn:extension:minPinLength: true, webauthn:extension:prf: true, webauthn:virtualAuthenticators: true}
Session ID: f785326b658245679d63b33f627332b8
at java.base/jdk.internal.reflect.DirectConstructorHandleAccessor.newInstance(DirectConstructorHandleAccessor.java:62)
at java.base/java.lang.reflect.Constructor.newInstanceWithCaller(Constructor.java:502)
at java.base/java.lang.reflect.Constructor.newInstance(Constructor.java:486)
at org.openqa.selenium.remote.ErrorCodec.decode(ErrorCodec.java:167)
at org.openqa.selenium.remote.codec.w3c.W3CHttpResponseCodec.decode(W3CHttpResponseCodec.java:138)
at org.openqa.selenium.remote.codec.w3c.W3CHttpResponseCodec.decode(W3CHttpResponseCodec.java:50)
at org.openqa.selenium.remote.HttpCommandExecutor.execute(HttpCommandExecutor.java:190)
at org.openqa.selenium.remote.service.DriverCommandExecutor.invokeExecute(DriverCommandExecutor.java:216)
at org.openqa.selenium.remote.service.DriverCommandExecutor.execute(DriverCommandExecutor.java:174)
at org.openqa.selenium.remote.RemoteWebDriver.execute(RemoteWebDriver.java:519)
at org.openqa.selenium.remote.ElementLocation$ElementFinder$2.findElement(ElementLocation.java:165)
at org.openqa.selenium.remote.ElementLocation.findElement(ElementLocation.java:59)
at org.openqa.selenium.remote.RemoteWebDriver.findElement(RemoteWebDriver.java:356)
at org.openqa.selenium.remote.RemoteWebDriver.findElement(RemoteWebDriver.java:350)
at org.openqa.selenium.support.pagefactory.DefaultElementLocator.findElement(DefaultElementLocator.java:68)
at org.openqa.selenium.support.pagefactory.internal.LocatingElementHandler.invoke(LocatingElementHandler.java:38)
at jdk.proxy2/jdk.proxy2.$Proxy20.click(Unknown Source)
at SpiceJet.LoginPage.Login(LoginPage.java:32)
at SpiceJetTest.LoginPageTest.LoginTest(LoginPageTest.java:17)
at java.base/jdk.internal.reflect.DirectMethodHandleAccessor.invoke(DirectMethodHandleAccessor.java:103)
at java.base/java.lang.reflect.Method.invoke(Method.java:580)
at org.testng.internal.MethodInvocationHelper.invokeMethod(MethodInvocationHelper.java:133)
at org.testng.internal.TestInvoker.invokeMethod(TestInvoker.java:598)
at org.testng.internal.TestInvoker.invokeTestMethod(TestInvoker.java:173)
at org.testng.internal.MethodRunner.runInSequence(MethodRunner.java:46)
at org.testng.internal.TestInvoker$MethodInvocationAgent.invoke(TestInvoker.java:824)
at org.testng.internal.TestInvoker.invokeTestMethods(TestInvoker.java:146)
at org.testng.internal.TestMethodWorker.invokeTestMethods(TestMethodWorker.java:146)
at org.testng.internal.TestMethodWorker.run(TestMethodWorker.java:128)
at java.base/java.util.ArrayList.forEach(ArrayList.java:1596)
at org.testng.TestRunner.privateRun(TestRunner.java:794)
at org.testng.TestRunner.run(TestRunner.java:596)
at org.testng.SuiteRunner.runTest(SuiteRunner.java:377)
at org.testng.SuiteRunner.runSequentially(SuiteRunner.java:371)
at org.testng.SuiteRunner.privateRun(SuiteRunner.java:332)
at org.testng.SuiteRunner.run(SuiteRunner.java:276)
at org.testng.SuiteRunnerWorker.runSuite(SuiteRunnerWorker.java:53)
at org.testng.SuiteRunnerWorker.run(SuiteRunnerWorker.java:96)
at org.testng.TestNG.runSuitesSequentially(TestNG.java:1212)
at org.testng.TestNG.runSuitesLocally(TestNG.java:1134)
at org.testng.TestNG.runSuites(TestNG.java:1063)
at org.testng.TestNG.run(TestNG.java:1031)
at org.testng.remote.AbstractRemoteTestNG.run(AbstractRemoteTestNG.java:115)
at org.testng.remote.RemoteTestNG.initAndRun(RemoteTestNG.java:251)
at org.testng.remote.RemoteTestNG.main(RemoteTestNG.java:77)
]]>
            </full-stacktrace>
          </exception> <!-- org.openqa.selenium.NoSuchElementException -->
          <reporter-output>
          </reporter-output>
        </test-method> <!-- LoginTest -->
        <test-method is-config="true" signature="checkStatus(java.lang.reflect.Method,org.testng.ITestResult)[pri:0, instance:SpiceJetTest.LoginPageTest@71d44a3]" started-at="2024-07-01T19:44:31 IST" name="checkStatus" finished-at="2024-07-01T19:44:40 IST" duration-ms="9501" status="PASS">
          <params>
            <param index="0">
              <value>
                <![CDATA[public void SpiceJetTest.LoginPageTest.LoginTest() throws java.lang.Exception]]>
              </value>
            </param>
            <param index="1">
              <value>
                <![CDATA[[TestResult name=LoginTest status=FAILURE method=LoginPageTest.LoginTest()[pri:0, instance:SpiceJetTest.LoginPageTest@71d44a3] output={null}]]]>
              </value>
            </param>
          </params>
          <reporter-output>
          </reporter-output>
        </test-method> <!-- checkStatus -->
        <test-method is-config="true" signature="CloseBrowser()[pri:0, instance:SpiceJetTest.LoginPageTest@71d44a3]" started-at="2024-07-01T19:44:40 IST" name="CloseBrowser" finished-at="2024-07-01T19:44:54 IST" duration-ms="13960" status="PASS">
          <reporter-output>
          </reporter-output>
        </test-method> <!-- CloseBrowser -->
      </class> <!-- SpiceJetTest.LoginPageTest -->
    </test> <!-- Login with Valid -->
    <test started-at="2024-07-01T19:44:55 IST" name="Login With Invalid Credential" finished-at="2024-07-01T19:47:02 IST" duration-ms="126981">
      <class name="SpiceJetTest.LoginWithInvalidCredentialTest">
        <test-method is-config="true" signature="createTest(org.testng.ITestContext)[pri:0, instance:SpiceJetTest.LoginWithInvalidCredentialTest@1bb5a082]" started-at="2024-07-01T19:44:55 IST" name="createTest" finished-at="2024-07-01T19:44:55 IST" duration-ms="1" status="PASS">
          <params>
            <param index="0">
              <value>
                <![CDATA[org.testng.TestRunner@5f8d9767]]>
              </value>
            </param>
          </params>
          <reporter-output>
          </reporter-output>
        </test-method> <!-- createTest -->
        <test-method is-config="true" signature="LanchBrowser(java.lang.String)[pri:0, instance:SpiceJetTest.LoginWithInvalidCredentialTest@1bb5a082]" started-at="2024-07-01T19:44:55 IST" name="LanchBrowser" finished-at="2024-07-01T19:46:45 IST" duration-ms="110451" status="PASS">
          <params>
            <param index="0">
              <value>
                <![CDATA[chrome]]>
              </value>
            </param>
          </params>
          <reporter-output>
          </reporter-output>
        </test-method> <!-- LanchBrowser -->
        <test-method signature="LoginWithInvalidCredentialTst()[pri:0, instance:SpiceJetTest.LoginWithInvalidCredentialTest@1bb5a082]" started-at="2024-07-01T19:46:45 IST" name="LoginWithInvalidCredentialTst" finished-at="2024-07-01T19:46:59 IST" duration-ms="13264" status="PASS">
          <reporter-output>
          </reporter-output>
        </test-method> <!-- LoginWithInvalidCredentialTst -->
        <test-method is-config="true" signature="checkStatus(java.lang.reflect.Method,org.testng.ITestResult)[pri:0, instance:SpiceJetTest.LoginWithInvalidCredentialTest@1bb5a082]" started-at="2024-07-01T19:46:59 IST" name="checkStatus" finished-at="2024-07-01T19:46:59 IST" duration-ms="1" status="PASS">
          <params>
            <param index="0">
              <value>
                <![CDATA[public void SpiceJetTest.LoginWithInvalidCredentialTest.LoginWithInvalidCredentialTst() throws java.lang.Exception]]>
              </value>
            </param>
            <param index="1">
              <value>
                <![CDATA[[TestResult name=LoginWithInvalidCredentialTst status=SUCCESS method=LoginWithInvalidCredentialTest.LoginWithInvalidCredentialTst()[pri:0, instance:SpiceJetTest.LoginWithInvalidCredentialTest@1bb5a082] output={null}]]]>
              </value>
            </param>
          </params>
          <reporter-output>
          </reporter-output>
        </test-method> <!-- checkStatus -->
        <test-method is-config="true" signature="CloseBrowser()[pri:0, instance:SpiceJetTest.LoginWithInvalidCredentialTest@1bb5a082]" started-at="2024-07-01T19:46:59 IST" name="CloseBrowser" finished-at="2024-07-01T19:47:02 IST" duration-ms="3241" status="PASS">
          <reporter-output>
          </reporter-output>
        </test-method> <!-- CloseBrowser -->
      </class> <!-- SpiceJetTest.LoginWithInvalidCredentialTest -->
    </test> <!-- Login With Invalid Credential -->
    <test started-at="2024-07-01T19:47:02 IST" name="One Way Trip" finished-at="2024-07-01T19:48:14 IST" duration-ms="72075">
      <class name="SpiceJetTest.OneWayTripTest">
        <test-method is-config="true" signature="createTest(org.testng.ITestContext)[pri:0, instance:SpiceJetTest.OneWayTripTest@639c2c1d]" started-at="2024-07-01T19:47:02 IST" name="createTest" finished-at="2024-07-01T19:47:02 IST" duration-ms="2" status="PASS">
          <params>
            <param index="0">
              <value>
                <![CDATA[org.testng.TestRunner@16134476]]>
              </value>
            </param>
          </params>
          <reporter-output>
          </reporter-output>
        </test-method> <!-- createTest -->
        <test-method is-config="true" signature="LanchBrowser(java.lang.String)[pri:0, instance:SpiceJetTest.OneWayTripTest@639c2c1d]" started-at="2024-07-01T19:47:02 IST" name="LanchBrowser" finished-at="2024-07-01T19:47:46 IST" duration-ms="44150" status="PASS">
          <params>
            <param index="0">
              <value>
                <![CDATA[chrome]]>
              </value>
            </param>
          </params>
          <reporter-output>
          </reporter-output>
        </test-method> <!-- LanchBrowser -->
        <test-method signature="OneWayTest()[pri:0, instance:SpiceJetTest.OneWayTripTest@639c2c1d]" started-at="2024-07-01T19:47:46 IST" name="OneWayTest" finished-at="2024-07-01T19:48:12 IST" duration-ms="25378" status="PASS">
          <reporter-output>
          </reporter-output>
        </test-method> <!-- OneWayTest -->
        <test-method is-config="true" signature="checkStatus(java.lang.reflect.Method,org.testng.ITestResult)[pri:0, instance:SpiceJetTest.OneWayTripTest@639c2c1d]" started-at="2024-07-01T19:48:12 IST" name="checkStatus" finished-at="2024-07-01T19:48:12 IST" duration-ms="13" status="PASS">
          <params>
            <param index="0">
              <value>
                <![CDATA[public void SpiceJetTest.OneWayTripTest.OneWayTest() throws java.lang.Exception]]>
              </value>
            </param>
            <param index="1">
              <value>
                <![CDATA[[TestResult name=OneWayTest status=SUCCESS method=OneWayTripTest.OneWayTest()[pri:0, instance:SpiceJetTest.OneWayTripTest@639c2c1d] output={null}]]]>
              </value>
            </param>
          </params>
          <reporter-output>
          </reporter-output>
        </test-method> <!-- checkStatus -->
        <test-method is-config="true" signature="CloseBrowser()[pri:0, instance:SpiceJetTest.OneWayTripTest@639c2c1d]" started-at="2024-07-01T19:48:12 IST" name="CloseBrowser" finished-at="2024-07-01T19:48:14 IST" duration-ms="2504" status="PASS">
          <reporter-output>
          </reporter-output>
        </test-method> <!-- CloseBrowser -->
      </class> <!-- SpiceJetTest.OneWayTripTest -->
    </test> <!-- One Way Trip -->
    <test started-at="2024-07-01T19:48:14 IST" name="Round Trip" finished-at="2024-07-01T19:49:39 IST" duration-ms="84779">
      <class name="SpiceJetTest.RoundTripTest">
        <test-method is-config="true" signature="createTest(org.testng.ITestContext)[pri:0, instance:SpiceJetTest.RoundTripTest@30c15d8b]" started-at="2024-07-01T19:48:14 IST" name="createTest" finished-at="2024-07-01T19:48:14 IST" duration-ms="1" status="PASS">
          <params>
            <param index="0">
              <value>
                <![CDATA[org.testng.TestRunner@62b09715]]>
              </value>
            </param>
          </params>
          <reporter-output>
          </reporter-output>
        </test-method> <!-- createTest -->
        <test-method is-config="true" signature="LanchBrowser(java.lang.String)[pri:0, instance:SpiceJetTest.RoundTripTest@30c15d8b]" started-at="2024-07-01T19:48:14 IST" name="LanchBrowser" finished-at="2024-07-01T19:49:10 IST" duration-ms="55564" status="PASS">
          <params>
            <param index="0">
              <value>
                <![CDATA[chrome]]>
              </value>
            </param>
          </params>
          <reporter-output>
          </reporter-output>
        </test-method> <!-- LanchBrowser -->
        <test-method signature="RoundTripTest1()[pri:0, instance:SpiceJetTest.RoundTripTest@30c15d8b]" started-at="2024-07-01T19:49:10 IST" name="RoundTripTest1" finished-at="2024-07-01T19:49:36 IST" duration-ms="25877" status="PASS">
          <reporter-output>
          </reporter-output>
        </test-method> <!-- RoundTripTest1 -->
        <test-method is-config="true" signature="checkStatus(java.lang.reflect.Method,org.testng.ITestResult)[pri:0, instance:SpiceJetTest.RoundTripTest@30c15d8b]" started-at="2024-07-01T19:49:36 IST" name="checkStatus" finished-at="2024-07-01T19:49:36 IST" duration-ms="1" status="PASS">
          <params>
            <param index="0">
              <value>
                <![CDATA[public void SpiceJetTest.RoundTripTest.RoundTripTest1() throws java.lang.Exception]]>
              </value>
            </param>
            <param index="1">
              <value>
                <![CDATA[[TestResult name=RoundTripTest1 status=SUCCESS method=RoundTripTest.RoundTripTest1()[pri:0, instance:SpiceJetTest.RoundTripTest@30c15d8b] output={null}]]]>
              </value>
            </param>
          </params>
          <reporter-output>
          </reporter-output>
        </test-method> <!-- checkStatus -->
        <test-method is-config="true" signature="CloseBrowser()[pri:0, instance:SpiceJetTest.RoundTripTest@30c15d8b]" started-at="2024-07-01T19:49:36 IST" name="CloseBrowser" finished-at="2024-07-01T19:49:39 IST" duration-ms="3319" status="PASS">
          <reporter-output>
          </reporter-output>
        </test-method> <!-- CloseBrowser -->
      </class> <!-- SpiceJetTest.RoundTripTest -->
    </test> <!-- Round Trip -->
    <test started-at="2024-07-01T19:49:39 IST" name="Select Flight And Passenger Info OneWay Trip" finished-at="2024-07-01T19:51:08 IST" duration-ms="88848">
      <class name="SpiceJetTest.SelectFlightAndPassengerInfoOneWayTripTest">
        <test-method is-config="true" signature="createTest(org.testng.ITestContext)[pri:0, instance:SpiceJetTest.SelectFlightAndPassengerInfoOneWayTripTest@36fc695d]" started-at="2024-07-01T19:49:39 IST" name="createTest" finished-at="2024-07-01T19:49:39 IST" duration-ms="2" status="PASS">
          <params>
            <param index="0">
              <value>
                <![CDATA[org.testng.TestRunner@3e214105]]>
              </value>
            </param>
          </params>
          <reporter-output>
          </reporter-output>
        </test-method> <!-- createTest -->
        <test-method is-config="true" signature="LanchBrowser(java.lang.String)[pri:0, instance:SpiceJetTest.SelectFlightAndPassengerInfoOneWayTripTest@36fc695d]" started-at="2024-07-01T19:49:39 IST" name="LanchBrowser" finished-at="2024-07-01T19:50:23 IST" duration-ms="43690" status="PASS">
          <params>
            <param index="0">
              <value>
                <![CDATA[chrome]]>
              </value>
            </param>
          </params>
          <reporter-output>
          </reporter-output>
        </test-method> <!-- LanchBrowser -->
        <test-method signature="SelectFlightAndPassengerInfoOneWayTripTt()[pri:0, instance:SpiceJetTest.SelectFlightAndPassengerInfoOneWayTripTest@36fc695d]" started-at="2024-07-01T19:50:23 IST" name="SelectFlightAndPassengerInfoOneWayTripTt" finished-at="2024-07-01T19:51:00 IST" duration-ms="36710" status="FAIL">
          <exception class="org.openqa.selenium.NoSuchElementException">
            <message>
              <![CDATA[no such element: Unable to locate element: {"method":"xpath","selector":"(//*[name()='rect'])[2]"}
  (Session info: chrome=124.0.6367.210)
For documentation on this error, please visit: https://www.selenium.dev/documentation/webdriver/troubleshooting/errors#no-such-element-exception
Build info: version: '4.18.1', revision: 'b1d3319b48'
System info: os.name: 'Windows 10', os.arch: 'amd64', os.version: '10.0', java.version: '21.0.2'
Driver info: org.openqa.selenium.chrome.ChromeDriver
Command: [a1c82609543d64fa45ca83139d51254a, findElement {value=(//*[name()='rect'])[2], using=xpath}]
Capabilities {acceptInsecureCerts: false, browserName: chrome, browserVersion: 124.0.6367.210, chrome: {chromedriverVersion: 124.0.6367.207 (a9001a6e39f..., userDataDir: C:\Users\ELCOT\AppData\Loca...}, fedcm:accounts: true, goog:chromeOptions: {debuggerAddress: localhost:53250}, networkConnectionEnabled: false, pageLoadStrategy: normal, platformName: windows, proxy: Proxy(), se:cdp: ws://localhost:53250/devtoo..., se:cdpVersion: 124.0.6367.210, setWindowRect: true, strictFileInteractability: false, timeouts: {implicit: 0, pageLoad: 300000, script: 30000}, unhandledPromptBehavior: dismiss and notify, webauthn:extension:credBlob: true, webauthn:extension:largeBlob: true, webauthn:extension:minPinLength: true, webauthn:extension:prf: true, webauthn:virtualAuthenticators: true}
Session ID: a1c82609543d64fa45ca83139d51254a]]>
            </message>
            <full-stacktrace>
              <![CDATA[org.openqa.selenium.NoSuchElementException: no such element: Unable to locate element: {"method":"xpath","selector":"(//*[name()='rect'])[2]"}
  (Session info: chrome=124.0.6367.210)
For documentation on this error, please visit: https://www.selenium.dev/documentation/webdriver/troubleshooting/errors#no-such-element-exception
Build info: version: '4.18.1', revision: 'b1d3319b48'
System info: os.name: 'Windows 10', os.arch: 'amd64', os.version: '10.0', java.version: '21.0.2'
Driver info: org.openqa.selenium.chrome.ChromeDriver
Command: [a1c82609543d64fa45ca83139d51254a, findElement {value=(//*[name()='rect'])[2], using=xpath}]
Capabilities {acceptInsecureCerts: false, browserName: chrome, browserVersion: 124.0.6367.210, chrome: {chromedriverVersion: 124.0.6367.207 (a9001a6e39f..., userDataDir: C:\Users\ELCOT\AppData\Loca...}, fedcm:accounts: true, goog:chromeOptions: {debuggerAddress: localhost:53250}, networkConnectionEnabled: false, pageLoadStrategy: normal, platformName: windows, proxy: Proxy(), se:cdp: ws://localhost:53250/devtoo..., se:cdpVersion: 124.0.6367.210, setWindowRect: true, strictFileInteractability: false, timeouts: {implicit: 0, pageLoad: 300000, script: 30000}, unhandledPromptBehavior: dismiss and notify, webauthn:extension:credBlob: true, webauthn:extension:largeBlob: true, webauthn:extension:minPinLength: true, webauthn:extension:prf: true, webauthn:virtualAuthenticators: true}
Session ID: a1c82609543d64fa45ca83139d51254a
at java.base/jdk.internal.reflect.DirectConstructorHandleAccessor.newInstance(DirectConstructorHandleAccessor.java:62)
at java.base/java.lang.reflect.Constructor.newInstanceWithCaller(Constructor.java:502)
at java.base/java.lang.reflect.Constructor.newInstance(Constructor.java:486)
at org.openqa.selenium.remote.ErrorCodec.decode(ErrorCodec.java:167)
at org.openqa.selenium.remote.codec.w3c.W3CHttpResponseCodec.decode(W3CHttpResponseCodec.java:138)
at org.openqa.selenium.remote.codec.w3c.W3CHttpResponseCodec.decode(W3CHttpResponseCodec.java:50)
at org.openqa.selenium.remote.HttpCommandExecutor.execute(HttpCommandExecutor.java:190)
at org.openqa.selenium.remote.service.DriverCommandExecutor.invokeExecute(DriverCommandExecutor.java:216)
at org.openqa.selenium.remote.service.DriverCommandExecutor.execute(DriverCommandExecutor.java:174)
at org.openqa.selenium.remote.RemoteWebDriver.execute(RemoteWebDriver.java:519)
at org.openqa.selenium.remote.ElementLocation$ElementFinder$2.findElement(ElementLocation.java:165)
at org.openqa.selenium.remote.ElementLocation.findElement(ElementLocation.java:59)
at org.openqa.selenium.remote.RemoteWebDriver.findElement(RemoteWebDriver.java:356)
at org.openqa.selenium.remote.RemoteWebDriver.findElement(RemoteWebDriver.java:350)
at org.openqa.selenium.support.pagefactory.DefaultElementLocator.findElement(DefaultElementLocator.java:68)
at org.openqa.selenium.support.pagefactory.internal.LocatingElementHandler.invoke(LocatingElementHandler.java:38)
at jdk.proxy2/jdk.proxy2.$Proxy20.click(Unknown Source)
at SpiceJet.SelectFlightAndPassengerInfoOneWayTrip.SearchFlight(SelectFlightAndPassengerInfoOneWayTrip.java:123)
at SpiceJetTest.SelectFlightAndPassengerInfoOneWayTripTest.SelectFlightAndPassengerInfoOneWayTripTt(SelectFlightAndPassengerInfoOneWayTripTest.java:27)
at java.base/jdk.internal.reflect.DirectMethodHandleAccessor.invoke(DirectMethodHandleAccessor.java:103)
at java.base/java.lang.reflect.Method.invoke(Method.java:580)
at org.testng.internal.MethodInvocationHelper.invokeMethod(MethodInvocationHelper.java:133)
at org.testng.internal.TestInvoker.invokeMethod(TestInvoker.java:598)
at org.testng.internal.TestInvoker.invokeTestMethod(TestInvoker.java:173)
at org.testng.internal.MethodRunner.runInSequence(MethodRunner.java:46)
at org.testng.internal.TestInvoker$MethodInvocationAgent.invoke(TestInvoker.java:824)
at org.testng.internal.TestInvoker.invokeTestMethods(TestInvoker.java:146)
at org.testng.internal.TestMethodWorker.invokeTestMethods(TestMethodWorker.java:146)
at org.testng.internal.TestMethodWorker.run(TestMethodWorker.java:128)
at java.base/java.util.ArrayList.forEach(ArrayList.java:1596)
at org.testng.TestRunner.privateRun(TestRunner.java:794)
at org.testng.TestRunner.run(TestRunner.java:596)
at org.testng.SuiteRunner.runTest(SuiteRunner.java:377)
at org.testng.SuiteRunner.runSequentially(SuiteRunner.java:371)
at org.testng.SuiteRunner.privateRun(SuiteRunner.java:332)
at org.testng.SuiteRunner.run(SuiteRunner.java:276)
at org.testng.SuiteRunnerWorker.runSuite(SuiteRunnerWorker.java:53)
at org.testng.SuiteRunnerWorker.run(SuiteRunnerWorker.java:96)
at org.testng.TestNG.runSuitesSequentially(TestNG.java:1212)
at org.testng.TestNG.runSuitesLocally(TestNG.java:1134)
at org.testng.TestNG.runSuites(TestNG.java:1063)
at org.testng.TestNG.run(TestNG.java:1031)
at org.testng.remote.AbstractRemoteTestNG.run(AbstractRemoteTestNG.java:115)
at org.testng.remote.RemoteTestNG.initAndRun(RemoteTestNG.java:251)
at org.testng.remote.RemoteTestNG.main(RemoteTestNG.java:77)
]]>
            </full-stacktrace>
          </exception> <!-- org.openqa.selenium.NoSuchElementException -->
          <reporter-output>
          </reporter-output>
        </test-method> <!-- SelectFlightAndPassengerInfoOneWayTripTt -->
        <test-method is-config="true" signature="checkStatus(java.lang.reflect.Method,org.testng.ITestResult)[pri:0, instance:SpiceJetTest.SelectFlightAndPassengerInfoOneWayTripTest@36fc695d]" started-at="2024-07-01T19:51:00 IST" name="checkStatus" finished-at="2024-07-01T19:51:04 IST" duration-ms="4240" status="PASS">
          <params>
            <param index="0">
              <value>
                <![CDATA[public void SpiceJetTest.SelectFlightAndPassengerInfoOneWayTripTest.SelectFlightAndPassengerInfoOneWayTripTt() throws java.lang.Exception]]>
              </value>
            </param>
            <param index="1">
              <value>
                <![CDATA[[TestResult name=SelectFlightAndPassengerInfoOneWayTripTt status=FAILURE method=SelectFlightAndPassengerInfoOneWayTripTest.SelectFlightAndPassengerInfoOneWayTripTt()[pri:0, instance:SpiceJetTest.SelectFlightAndPassengerInfoOneWayTripTest@36fc695d] output={null}]]]>
              </value>
            </param>
          </params>
          <reporter-output>
          </reporter-output>
        </test-method> <!-- checkStatus -->
        <test-method is-config="true" signature="CloseBrowser()[pri:0, instance:SpiceJetTest.SelectFlightAndPassengerInfoOneWayTripTest@36fc695d]" started-at="2024-07-01T19:51:04 IST" name="CloseBrowser" finished-at="2024-07-01T19:51:08 IST" duration-ms="4081" status="PASS">
          <reporter-output>
          </reporter-output>
        </test-method> <!-- CloseBrowser -->
      </class> <!-- SpiceJetTest.SelectFlightAndPassengerInfoOneWayTripTest -->
    </test> <!-- Select Flight And Passenger Info OneWay Trip -->
    <test started-at="2024-07-01T19:51:09 IST" name="Select Flight And Passenger Info Round Trip" finished-at="2024-07-01T19:53:17 IST" duration-ms="128225">
      <class name="SpiceJetTest.SelectFlightAndPassengerInfoRoundTripTest">
        <test-method is-config="true" signature="createTest(org.testng.ITestContext)[pri:0, instance:SpiceJetTest.SelectFlightAndPassengerInfoRoundTripTest@5bf0d49]" started-at="2024-07-01T19:51:09 IST" name="createTest" finished-at="2024-07-01T19:51:09 IST" duration-ms="1" status="PASS">
          <params>
            <param index="0">
              <value>
                <![CDATA[org.testng.TestRunner@da4cf09]]>
              </value>
            </param>
          </params>
          <reporter-output>
          </reporter-output>
        </test-method> <!-- createTest -->
        <test-method is-config="true" signature="LanchBrowser(java.lang.String)[pri:0, instance:SpiceJetTest.SelectFlightAndPassengerInfoRoundTripTest@5bf0d49]" started-at="2024-07-01T19:51:09 IST" name="LanchBrowser" finished-at="2024-07-01T19:51:57 IST" duration-ms="48038" status="PASS">
          <params>
            <param index="0">
              <value>
                <![CDATA[chrome]]>
              </value>
            </param>
          </params>
          <reporter-output>
          </reporter-output>
        </test-method> <!-- LanchBrowser -->
        <test-method signature="SelectFlightAndPassengerInfoRoundTripTst()[pri:0, instance:SpiceJetTest.SelectFlightAndPassengerInfoRoundTripTest@5bf0d49]" started-at="2024-07-01T19:51:57 IST" name="SelectFlightAndPassengerInfoRoundTripTst" finished-at="2024-07-01T19:53:13 IST" duration-ms="76182" status="PASS">
          <reporter-output>
          </reporter-output>
        </test-method> <!-- SelectFlightAndPassengerInfoRoundTripTst -->
        <test-method is-config="true" signature="checkStatus(java.lang.reflect.Method,org.testng.ITestResult)[pri:0, instance:SpiceJetTest.SelectFlightAndPassengerInfoRoundTripTest@5bf0d49]" started-at="2024-07-01T19:53:13 IST" name="checkStatus" finished-at="2024-07-01T19:53:13 IST" duration-ms="2" status="PASS">
          <params>
            <param index="0">
              <value>
                <![CDATA[public void SpiceJetTest.SelectFlightAndPassengerInfoRoundTripTest.SelectFlightAndPassengerInfoRoundTripTst() throws java.lang.Exception]]>
              </value>
            </param>
            <param index="1">
              <value>
                <![CDATA[[TestResult name=SelectFlightAndPassengerInfoRoundTripTst status=SUCCESS method=SelectFlightAndPassengerInfoRoundTripTest.SelectFlightAndPassengerInfoRoundTripTst()[pri:0, instance:SpiceJetTest.SelectFlightAndPassengerInfoRoundTripTest@5bf0d49] output={null}]]]>
              </value>
            </param>
          </params>
          <reporter-output>
          </reporter-output>
        </test-method> <!-- checkStatus -->
        <test-method is-config="true" signature="CloseBrowser()[pri:0, instance:SpiceJetTest.SelectFlightAndPassengerInfoRoundTripTest@5bf0d49]" started-at="2024-07-01T19:53:13 IST" name="CloseBrowser" finished-at="2024-07-01T19:53:17 IST" duration-ms="3994" status="PASS">
          <reporter-output>
          </reporter-output>
        </test-method> <!-- CloseBrowser -->
      </class> <!-- SpiceJetTest.SelectFlightAndPassengerInfoRoundTripTest -->
    </test> <!-- Select Flight And Passenger Info Round Trip -->
    <test started-at="2024-07-01T19:53:17 IST" name="Validate Booking Page Fields" finished-at="2024-07-01T19:55:02 IST" duration-ms="104670">
      <class name="SpiceJetTest.ValidateBookingPageFieldsTest">
        <test-method is-config="true" signature="ExtentReports()[pri:0, instance:SpiceJetTest.ValidateBookingPageFieldsTest@408d971b]" started-at="2024-07-01T19:39:15 IST" name="ExtentReports" finished-at="2024-07-01T19:39:16 IST" duration-ms="1653" status="PASS">
          <reporter-output>
          </reporter-output>
        </test-method> <!-- ExtentReports -->
        <test-method is-config="true" signature="createTest(org.testng.ITestContext)[pri:0, instance:SpiceJetTest.ValidateBookingPageFieldsTest@408d971b]" started-at="2024-07-01T19:53:17 IST" name="createTest" finished-at="2024-07-01T19:53:17 IST" duration-ms="1" status="PASS">
          <params>
            <param index="0">
              <value>
                <![CDATA[org.testng.TestRunner@1980a3f]]>
              </value>
            </param>
          </params>
          <reporter-output>
          </reporter-output>
        </test-method> <!-- createTest -->
        <test-method is-config="true" signature="LanchBrowser(java.lang.String)[pri:0, instance:SpiceJetTest.ValidateBookingPageFieldsTest@408d971b]" started-at="2024-07-01T19:53:17 IST" name="LanchBrowser" finished-at="2024-07-01T19:54:37 IST" duration-ms="79975" status="PASS">
          <params>
            <param index="0">
              <value>
                <![CDATA[edge]]>
              </value>
            </param>
          </params>
          <reporter-output>
          </reporter-output>
        </test-method> <!-- LanchBrowser -->
        <test-method signature="ValidateBookingPageFieldsTst()[pri:0, instance:SpiceJetTest.ValidateBookingPageFieldsTest@408d971b]" started-at="2024-07-01T19:54:37 IST" name="ValidateBookingPageFieldsTst" finished-at="2024-07-01T19:54:49 IST" duration-ms="11606" status="PASS">
          <reporter-output>
          </reporter-output>
        </test-method> <!-- ValidateBookingPageFieldsTst -->
        <test-method is-config="true" signature="checkStatus(java.lang.reflect.Method,org.testng.ITestResult)[pri:0, instance:SpiceJetTest.ValidateBookingPageFieldsTest@408d971b]" started-at="2024-07-01T19:54:49 IST" name="checkStatus" finished-at="2024-07-01T19:54:49 IST" duration-ms="1" status="PASS">
          <params>
            <param index="0">
              <value>
                <![CDATA[public void SpiceJetTest.ValidateBookingPageFieldsTest.ValidateBookingPageFieldsTst() throws java.lang.Exception]]>
              </value>
            </param>
            <param index="1">
              <value>
                <![CDATA[[TestResult name=ValidateBookingPageFieldsTst status=SUCCESS method=ValidateBookingPageFieldsTest.ValidateBookingPageFieldsTst()[pri:0, instance:SpiceJetTest.ValidateBookingPageFieldsTest@408d971b] output={null}]]]>
              </value>
            </param>
          </params>
          <reporter-output>
          </reporter-output>
        </test-method> <!-- checkStatus -->
        <test-method is-config="true" signature="CloseBrowser()[pri:0, instance:SpiceJetTest.ValidateBookingPageFieldsTest@408d971b]" started-at="2024-07-01T19:54:49 IST" name="CloseBrowser" finished-at="2024-07-01T19:55:02 IST" duration-ms="13077" status="PASS">
          <reporter-output>
          </reporter-output>
        </test-method> <!-- CloseBrowser -->
        <test-method is-config="true" signature="GenerateExtentReports()[pri:0, instance:SpiceJetTest.ValidateBookingPageFieldsTest@408d971b]" started-at="2024-07-01T19:55:02 IST" name="GenerateExtentReports" finished-at="2024-07-01T19:55:12 IST" duration-ms="9469" status="PASS">
          <reporter-output>
          </reporter-output>
        </test-method> <!-- GenerateExtentReports -->
      </class> <!-- SpiceJetTest.ValidateBookingPageFieldsTest -->
    </test> <!-- Validate Booking Page Fields -->
  </suite> <!-- Suite -->
</testng-results>
